2019-07-16 15:26:40.271 [main] INFO  com.RapFileManagementApplication - Starting RapFileManagementApplication on LCNC06V0064 with PID 3180 (C:\SpringBoot\workspace\rap-file-service\target\classes started by 62972 in C:\SpringBoot\workspace\rap-file-service)
2019-07-16 15:26:40.290 [main] INFO  com.RapFileManagementApplication - No active profile set, falling back to default profiles: default
2019-07-16 15:26:53.875 [main] INFO  com.RapFileManagementApplication - Starting RapFileManagementApplication on LCNC06V0064 with PID 9196 (C:\SpringBoot\workspace\rap-file-service\target\classes started by 62972 in C:\SpringBoot\workspace\rap-file-service)
2019-07-16 15:26:53.885 [main] INFO  com.RapFileManagementApplication - No active profile set, falling back to default profiles: default
2019-07-16 15:26:58.510 [main] INFO  o.s.d.r.c.RepositoryConfigurationDelegate - Multiple Spring Data modules found, entering strict repository configuration mode!
2019-07-16 15:26:58.515 [main] INFO  o.s.d.r.c.RepositoryConfigurationDelegate - Bootstrapping Spring Data repositories in DEFAULT mode.
2019-07-16 15:26:59.998 [main] INFO  o.s.d.r.c.RepositoryConfigurationDelegate - Finished Spring Data repository scanning in 1449ms. Found 0 repository interfaces.
2019-07-16 15:27:01.112 [main] INFO  c.a.icatch.provider.imp.AssemblerImp - Loaded jar:file:/C:/Users/62972/.m2/repository/com/atomikos/transactions/4.0.6/transactions-4.0.6.jar!/transactions-defaults.properties
2019-07-16 15:27:01.118 [main] WARN  c.a.icatch.provider.imp.AssemblerImp - Thanks for using Atomikos! Evaluate http://www.atomikos.com/Main/ExtremeTransactions for advanced features and professional support
or register at http://www.atomikos.com/Main/RegisterYourDownload to disable this message and receive FREE tips & advice
2019-07-16 15:27:01.133 [main] INFO  c.a.icatch.provider.imp.AssemblerImp - USING: com.atomikos.icatch.default_max_wait_time_on_shutdown = 9223372036854775807
2019-07-16 15:27:01.133 [main] INFO  c.a.icatch.provider.imp.AssemblerImp - USING: com.atomikos.icatch.allow_subtransactions = true
2019-07-16 15:27:01.133 [main] INFO  c.a.icatch.provider.imp.AssemblerImp - USING: com.atomikos.icatch.recovery_delay = 10000
2019-07-16 15:27:01.133 [main] INFO  c.a.icatch.provider.imp.AssemblerImp - USING: com.atomikos.icatch.automatic_resource_registration = true
2019-07-16 15:27:01.133 [main] INFO  c.a.icatch.provider.imp.AssemblerImp - USING: com.atomikos.icatch.oltp_max_retries = 5
2019-07-16 15:27:01.133 [main] INFO  c.a.icatch.provider.imp.AssemblerImp - USING: com.atomikos.icatch.client_demarcation = false
2019-07-16 15:27:01.133 [main] INFO  c.a.icatch.provider.imp.AssemblerImp - USING: com.atomikos.icatch.threaded_2pc = true
2019-07-16 15:27:01.133 [main] INFO  c.a.icatch.provider.imp.AssemblerImp - USING: com.atomikos.icatch.serial_jta_transactions = true
2019-07-16 15:27:01.133 [main] INFO  c.a.icatch.provider.imp.AssemblerImp - USING: com.atomikos.icatch.log_base_dir = ./
2019-07-16 15:27:01.133 [main] INFO  c.a.icatch.provider.imp.AssemblerImp - USING: com.atomikos.icatch.rmi_export_class = none
2019-07-16 15:27:01.133 [main] INFO  c.a.icatch.provider.imp.AssemblerImp - USING: com.atomikos.icatch.max_actives = 50
2019-07-16 15:27:01.133 [main] INFO  c.a.icatch.provider.imp.AssemblerImp - USING: com.atomikos.icatch.checkpoint_interval = 500
2019-07-16 15:27:01.133 [main] INFO  c.a.icatch.provider.imp.AssemblerImp - USING: com.atomikos.icatch.enable_logging = true
2019-07-16 15:27:01.133 [main] INFO  c.a.icatch.provider.imp.AssemblerImp - USING: com.atomikos.icatch.log_base_name = tmlog
2019-07-16 15:27:01.133 [main] INFO  c.a.icatch.provider.imp.AssemblerImp - USING: com.atomikos.icatch.max_timeout = 360000000000
2019-07-16 15:27:01.134 [main] INFO  c.a.icatch.provider.imp.AssemblerImp - USING: com.atomikos.icatch.trust_client_tm = false
2019-07-16 15:27:01.135 [main] INFO  c.a.icatch.provider.imp.AssemblerImp - USING: java.naming.factory.initial = com.sun.jndi.rmi.registry.RegistryContextFactory
2019-07-16 15:27:01.135 [main] INFO  c.a.icatch.provider.imp.AssemblerImp - USING: com.atomikos.icatch.tm_unique_name = 10.64.184.49.tm
2019-07-16 15:27:01.135 [main] INFO  c.a.icatch.provider.imp.AssemblerImp - USING: com.atomikos.icatch.forget_orphaned_log_entries_delay = 86400000
2019-07-16 15:27:01.135 [main] INFO  c.a.icatch.provider.imp.AssemblerImp - USING: com.atomikos.icatch.oltp_retry_interval = 10000
2019-07-16 15:27:01.135 [main] INFO  c.a.icatch.provider.imp.AssemblerImp - USING: java.naming.provider.url = rmi://localhost:1099
2019-07-16 15:27:01.136 [main] INFO  c.a.icatch.provider.imp.AssemblerImp - USING: com.atomikos.icatch.force_shutdown_on_vm_exit = false
2019-07-16 15:27:01.137 [main] INFO  c.a.icatch.provider.imp.AssemblerImp - USING: com.atomikos.icatch.default_jta_timeout = 100000000000
2019-07-16 15:27:01.137 [main] INFO  c.a.icatch.provider.imp.AssemblerImp - Using default (local) logging and recovery...
2019-07-16 15:27:01.188 [main] INFO  o.s.c.s.PostProcessorRegistrationDelegate$BeanPostProcessorChecker - Bean 'userTransactionServiceImp' of type [com.atomikos.icatch.config.UserTransactionServiceImp] is not eligible for getting processed by all BeanPostProcessors (for example: not eligible for auto-proxying)
2019-07-16 15:27:01.218 [main] INFO  o.s.c.s.PostProcessorRegistrationDelegate$BeanPostProcessorChecker - Bean 'userTransaction' of type [com.atomikos.icatch.jta.UserTransactionImp] is not eligible for getting processed by all BeanPostProcessors (for example: not eligible for auto-proxying)
2019-07-16 15:27:01.231 [main] INFO  o.s.c.s.PostProcessorRegistrationDelegate$BeanPostProcessorChecker - Bean 'userTransactionManager' of type [com.atomikos.icatch.jta.UserTransactionManager] is not eligible for getting processed by all BeanPostProcessors (for example: not eligible for auto-proxying)
2019-07-16 15:27:01.250 [main] INFO  o.s.c.s.PostProcessorRegistrationDelegate$BeanPostProcessorChecker - Bean 'transactionManager' of type [org.springframework.transaction.jta.JtaTransactionManager] is not eligible for getting processed by all BeanPostProcessors (for example: not eligible for auto-proxying)
2019-07-16 15:27:01.288 [main] INFO  o.s.c.s.PostProcessorRegistrationDelegate$BeanPostProcessorChecker - Bean 'transactionManagementConfiguration' of type [com.rap.config.datasource.TransactionManagementConfiguration$$EnhancerBySpringCGLIB$$a32de237] is not eligible for getting processed by all BeanPostProcessors (for example: not eligible for auto-proxying)
2019-07-16 15:27:01.309 [main] INFO  o.s.c.s.PostProcessorRegistrationDelegate$BeanPostProcessorChecker - Bean 'txAdvice' of type [org.springframework.transaction.interceptor.TransactionInterceptor] is not eligible for getting processed by all BeanPostProcessors (for example: not eligible for auto-proxying)
2019-07-16 15:27:01.313 [main] INFO  o.s.c.s.PostProcessorRegistrationDelegate$BeanPostProcessorChecker - Bean 'txAdviceAdvisor' of type [org.springframework.aop.support.DefaultPointcutAdvisor] is not eligible for getting processed by all BeanPostProcessors (for example: not eligible for auto-proxying)
2019-07-16 15:27:01.347 [main] INFO  o.s.c.s.PostProcessorRegistrationDelegate$BeanPostProcessorChecker - Bean 'org.springframework.transaction.annotation.ProxyTransactionManagementConfiguration' of type [org.springframework.transaction.annotation.ProxyTransactionManagementConfiguration$$EnhancerBySpringCGLIB$$1f69ac66] is not eligible for getting processed by all BeanPostProcessors (for example: not eligible for auto-proxying)
2019-07-16 15:27:02.652 [main] INFO  o.s.b.w.e.tomcat.TomcatWebServer - Tomcat initialized with port(s): 8080 (http)
2019-07-16 15:27:02.683 [main] INFO  o.a.coyote.http11.Http11NioProtocol - Initializing ProtocolHandler ["http-nio-8080"]
2019-07-16 15:27:02.696 [main] INFO  o.a.catalina.core.StandardService - Starting service [Tomcat]
2019-07-16 15:27:02.700 [main] INFO  o.a.catalina.core.StandardEngine - Starting Servlet engine: [Apache Tomcat/9.0.17]
2019-07-16 15:27:03.003 [main] INFO  o.a.c.c.C.[Tomcat].[localhost].[/] - Initializing Spring embedded WebApplicationContext
2019-07-16 15:27:03.003 [main] INFO  o.s.web.context.ContextLoader - Root WebApplicationContext: initialization completed in 9009 ms
2019-07-16 15:27:03.923 [main] INFO  o.s.b.web.servlet.RegistrationBean - Filter characterEncodingFilter was not registered (possibly already registered?)
2019-07-16 15:27:04.540 [main] INFO  c.a.d.xa.XATransactionalResource - schemaDataSource: refreshed XAResource
2019-07-16 15:27:04.679 [main] INFO  c.r.c.d.SchemaSqlSessionConfig - schema.maxSqlCount:200000
2019-07-16 15:27:05.514 [main] INFO  c.a.d.xa.XATransactionalResource - foundationDataSource: refreshed XAResource
2019-07-16 15:27:05.571 [main] INFO  c.r.c.d.FoundationSqlSessionConfig - foundation.maxSqlCount:200000
2019-07-16 15:27:05.880 [main] INFO  c.a.d.xa.XATransactionalResource - masterDataSource: refreshed XAResource
2019-07-16 15:27:05.937 [main] INFO  c.r.c.d.MasterSqlSessionConfig - master.maxSqlCount:200000
2019-07-16 15:27:07.708 [main] INFO  io.lettuce.core.EpollProvider - Starting without optional epoll library
2019-07-16 15:27:07.714 [main] INFO  io.lettuce.core.KqueueProvider - Starting without optional kqueue library
2019-07-16 15:27:08.605 [main] INFO  o.s.s.web.DefaultSecurityFilterChain - Creating filter chain: Ant [pattern='/resources/**'], []
2019-07-16 15:27:08.775 [main] INFO  o.s.s.web.DefaultSecurityFilterChain - Creating filter chain: any request, [org.springframework.security.web.context.request.async.WebAsyncManagerIntegrationFilter@46cb800b, org.springframework.security.web.context.SecurityContextPersistenceFilter@2c6553c6, org.springframework.security.web.header.HeaderWriterFilter@648bfebe, org.springframework.security.web.authentication.logout.LogoutFilter@2e845f1c, org.springframework.security.web.authentication.UsernamePasswordAuthenticationFilter@7ccfed46, org.springframework.security.web.authentication.ui.DefaultLoginPageGeneratingFilter@7db63a01, org.springframework.security.web.authentication.ui.DefaultLogoutPageGeneratingFilter@505a48a2, org.springframework.security.web.savedrequest.RequestCacheAwareFilter@52c68925, org.springframework.security.web.servletapi.SecurityContextHolderAwareRequestFilter@17810908, org.springframework.security.web.authentication.AnonymousAuthenticationFilter@15096b0e, org.springframework.security.web.session.SessionManagementFilter@31c29db1, org.springframework.security.web.access.ExceptionTranslationFilter@52a3eba3, org.springframework.security.web.access.intercept.FilterSecurityInterceptor@4d87e7f3]
2019-07-16 15:27:09.220 [main] INFO  o.s.s.c.ThreadPoolTaskExecutor - Initializing ExecutorService 'applicationTaskExecutor'
2019-07-16 15:27:11.180 [main] INFO  o.s.s.a.ScheduledAnnotationBeanPostProcessor - No TaskScheduler/ScheduledExecutorService bean found for scheduled processing
2019-07-16 15:27:11.198 [main] INFO  o.a.coyote.http11.Http11NioProtocol - Starting ProtocolHandler ["http-nio-8080"]
2019-07-16 15:27:11.318 [main] INFO  o.s.b.w.e.tomcat.TomcatWebServer - Tomcat started on port(s): 8080 (http) with context path ''
2019-07-16 15:27:11.324 [main] INFO  com.RapFileManagementApplication - Started RapFileManagementApplication in 18.473 seconds (JVM running for 19.905)
2019-07-16 15:27:19.203 [RMI TCP Connection(3)-127.0.0.1] INFO  o.s.b.a.SpringApplicationAdminMXBeanRegistrar$SpringApplicationAdmin - Application shutdown requested.
2019-07-16 15:27:19.230 [RMI TCP Connection(3)-127.0.0.1] INFO  o.s.s.c.ThreadPoolTaskExecutor - Shutting down ExecutorService 'applicationTaskExecutor'
2019-07-16 15:27:19.279 [RMI TCP Connection(3)-127.0.0.1] INFO  c.a.datasource.pool.ConnectionPool - atomikos connection pool 'masterDataSource': destroying pool...
2019-07-16 15:27:19.304 [RMI TCP Connection(3)-127.0.0.1] INFO  c.a.datasource.pool.ConnectionPool - atomikos connection pool 'foundationDataSource': destroying pool...
2019-07-16 15:27:19.313 [RMI TCP Connection(3)-127.0.0.1] INFO  c.a.datasource.pool.ConnectionPool - atomikos connection pool 'schemaDataSource': destroying pool...
2019-07-16 15:27:20.451 [RMI TCP Connection(3)-127.0.0.1] INFO  c.a.icatch.imp.TransactionServiceImp - Transaction Service: Entering shutdown (false, 0)...
2019-07-16 15:29:08.444 [main] INFO  com.RapFileManagementApplication - Starting RapFileManagementApplication on LCNC06V0064 with PID 4888 (C:\SpringBoot\workspace\rap-file-service\target\classes started by 62972 in C:\SpringBoot\workspace\rap-file-service)
2019-07-16 15:29:08.453 [main] INFO  com.RapFileManagementApplication - No active profile set, falling back to default profiles: default
2019-07-16 15:29:13.026 [main] INFO  o.s.d.r.c.RepositoryConfigurationDelegate - Multiple Spring Data modules found, entering strict repository configuration mode!
2019-07-16 15:29:13.032 [main] INFO  o.s.d.r.c.RepositoryConfigurationDelegate - Bootstrapping Spring Data repositories in DEFAULT mode.
2019-07-16 15:29:14.688 [main] INFO  o.s.d.r.c.RepositoryConfigurationDelegate - Finished Spring Data repository scanning in 1615ms. Found 0 repository interfaces.
2019-07-16 15:29:15.767 [main] INFO  c.a.icatch.provider.imp.AssemblerImp - Loaded jar:file:/C:/Users/62972/.m2/repository/com/atomikos/transactions/4.0.6/transactions-4.0.6.jar!/transactions-defaults.properties
2019-07-16 15:29:15.780 [main] WARN  c.a.icatch.provider.imp.AssemblerImp - Thanks for using Atomikos! Evaluate http://www.atomikos.com/Main/ExtremeTransactions for advanced features and professional support
or register at http://www.atomikos.com/Main/RegisterYourDownload to disable this message and receive FREE tips & advice
2019-07-16 15:29:15.791 [main] INFO  c.a.icatch.provider.imp.AssemblerImp - USING: com.atomikos.icatch.default_max_wait_time_on_shutdown = 9223372036854775807
2019-07-16 15:29:15.792 [main] INFO  c.a.icatch.provider.imp.AssemblerImp - USING: com.atomikos.icatch.allow_subtransactions = true
2019-07-16 15:29:15.792 [main] INFO  c.a.icatch.provider.imp.AssemblerImp - USING: com.atomikos.icatch.recovery_delay = 10000
2019-07-16 15:29:15.792 [main] INFO  c.a.icatch.provider.imp.AssemblerImp - USING: com.atomikos.icatch.automatic_resource_registration = true
2019-07-16 15:29:15.792 [main] INFO  c.a.icatch.provider.imp.AssemblerImp - USING: com.atomikos.icatch.oltp_max_retries = 5
2019-07-16 15:29:15.792 [main] INFO  c.a.icatch.provider.imp.AssemblerImp - USING: com.atomikos.icatch.client_demarcation = false
2019-07-16 15:29:15.792 [main] INFO  c.a.icatch.provider.imp.AssemblerImp - USING: com.atomikos.icatch.threaded_2pc = true
2019-07-16 15:29:15.792 [main] INFO  c.a.icatch.provider.imp.AssemblerImp - USING: com.atomikos.icatch.serial_jta_transactions = true
2019-07-16 15:29:15.792 [main] INFO  c.a.icatch.provider.imp.AssemblerImp - USING: com.atomikos.icatch.log_base_dir = ./
2019-07-16 15:29:15.793 [main] INFO  c.a.icatch.provider.imp.AssemblerImp - USING: com.atomikos.icatch.rmi_export_class = none
2019-07-16 15:29:15.793 [main] INFO  c.a.icatch.provider.imp.AssemblerImp - USING: com.atomikos.icatch.max_actives = 50
2019-07-16 15:29:15.793 [main] INFO  c.a.icatch.provider.imp.AssemblerImp - USING: com.atomikos.icatch.checkpoint_interval = 500
2019-07-16 15:29:15.793 [main] INFO  c.a.icatch.provider.imp.AssemblerImp - USING: com.atomikos.icatch.enable_logging = true
2019-07-16 15:29:15.793 [main] INFO  c.a.icatch.provider.imp.AssemblerImp - USING: com.atomikos.icatch.log_base_name = tmlog
2019-07-16 15:29:15.793 [main] INFO  c.a.icatch.provider.imp.AssemblerImp - USING: com.atomikos.icatch.max_timeout = 360000000000
2019-07-16 15:29:15.793 [main] INFO  c.a.icatch.provider.imp.AssemblerImp - USING: com.atomikos.icatch.trust_client_tm = false
2019-07-16 15:29:15.793 [main] INFO  c.a.icatch.provider.imp.AssemblerImp - USING: java.naming.factory.initial = com.sun.jndi.rmi.registry.RegistryContextFactory
2019-07-16 15:29:15.793 [main] INFO  c.a.icatch.provider.imp.AssemblerImp - USING: com.atomikos.icatch.tm_unique_name = 10.64.184.49.tm
2019-07-16 15:29:15.793 [main] INFO  c.a.icatch.provider.imp.AssemblerImp - USING: com.atomikos.icatch.forget_orphaned_log_entries_delay = 86400000
2019-07-16 15:29:15.793 [main] INFO  c.a.icatch.provider.imp.AssemblerImp - USING: com.atomikos.icatch.oltp_retry_interval = 10000
2019-07-16 15:29:15.793 [main] INFO  c.a.icatch.provider.imp.AssemblerImp - USING: java.naming.provider.url = rmi://localhost:1099
2019-07-16 15:29:15.793 [main] INFO  c.a.icatch.provider.imp.AssemblerImp - USING: com.atomikos.icatch.force_shutdown_on_vm_exit = false
2019-07-16 15:29:15.793 [main] INFO  c.a.icatch.provider.imp.AssemblerImp - USING: com.atomikos.icatch.default_jta_timeout = 100000000000
2019-07-16 15:29:15.795 [main] INFO  c.a.icatch.provider.imp.AssemblerImp - Using default (local) logging and recovery...
2019-07-16 15:29:15.856 [main] INFO  o.s.c.s.PostProcessorRegistrationDelegate$BeanPostProcessorChecker - Bean 'userTransactionServiceImp' of type [com.atomikos.icatch.config.UserTransactionServiceImp] is not eligible for getting processed by all BeanPostProcessors (for example: not eligible for auto-proxying)
2019-07-16 15:29:15.886 [main] INFO  o.s.c.s.PostProcessorRegistrationDelegate$BeanPostProcessorChecker - Bean 'userTransaction' of type [com.atomikos.icatch.jta.UserTransactionImp] is not eligible for getting processed by all BeanPostProcessors (for example: not eligible for auto-proxying)
2019-07-16 15:29:15.909 [main] INFO  o.s.c.s.PostProcessorRegistrationDelegate$BeanPostProcessorChecker - Bean 'userTransactionManager' of type [com.atomikos.icatch.jta.UserTransactionManager] is not eligible for getting processed by all BeanPostProcessors (for example: not eligible for auto-proxying)
2019-07-16 15:29:15.932 [main] INFO  o.s.c.s.PostProcessorRegistrationDelegate$BeanPostProcessorChecker - Bean 'transactionManager' of type [org.springframework.transaction.jta.JtaTransactionManager] is not eligible for getting processed by all BeanPostProcessors (for example: not eligible for auto-proxying)
2019-07-16 15:29:15.964 [main] INFO  o.s.c.s.PostProcessorRegistrationDelegate$BeanPostProcessorChecker - Bean 'transactionManagementConfiguration' of type [com.rap.config.datasource.TransactionManagementConfiguration$$EnhancerBySpringCGLIB$$6f02f5af] is not eligible for getting processed by all BeanPostProcessors (for example: not eligible for auto-proxying)
2019-07-16 15:29:15.980 [main] INFO  o.s.c.s.PostProcessorRegistrationDelegate$BeanPostProcessorChecker - Bean 'txAdvice' of type [org.springframework.transaction.interceptor.TransactionInterceptor] is not eligible for getting processed by all BeanPostProcessors (for example: not eligible for auto-proxying)
2019-07-16 15:29:15.981 [main] INFO  o.s.c.s.PostProcessorRegistrationDelegate$BeanPostProcessorChecker - Bean 'txAdviceAdvisor' of type [org.springframework.aop.support.DefaultPointcutAdvisor] is not eligible for getting processed by all BeanPostProcessors (for example: not eligible for auto-proxying)
2019-07-16 15:29:16.010 [main] INFO  o.s.c.s.PostProcessorRegistrationDelegate$BeanPostProcessorChecker - Bean 'org.springframework.transaction.annotation.ProxyTransactionManagementConfiguration' of type [org.springframework.transaction.annotation.ProxyTransactionManagementConfiguration$$EnhancerBySpringCGLIB$$eb3ebfde] is not eligible for getting processed by all BeanPostProcessors (for example: not eligible for auto-proxying)
2019-07-16 15:29:17.390 [main] INFO  o.s.b.w.e.tomcat.TomcatWebServer - Tomcat initialized with port(s): 8080 (http)
2019-07-16 15:29:17.426 [main] INFO  o.a.coyote.http11.Http11NioProtocol - Initializing ProtocolHandler ["http-nio-8080"]
2019-07-16 15:29:17.451 [main] INFO  o.a.catalina.core.StandardService - Starting service [Tomcat]
2019-07-16 15:29:17.452 [main] INFO  o.a.catalina.core.StandardEngine - Starting Servlet engine: [Apache Tomcat/9.0.17]
2019-07-16 15:29:17.716 [main] INFO  o.a.c.c.C.[Tomcat].[localhost].[/] - Initializing Spring embedded WebApplicationContext
2019-07-16 15:29:17.716 [main] INFO  o.s.web.context.ContextLoader - Root WebApplicationContext: initialization completed in 9117 ms
2019-07-16 15:29:18.704 [main] INFO  o.s.b.web.servlet.RegistrationBean - Filter characterEncodingFilter was not registered (possibly already registered?)
2019-07-16 15:29:19.329 [main] INFO  c.a.d.xa.XATransactionalResource - schemaDataSource: refreshed XAResource
2019-07-16 15:29:19.481 [main] INFO  c.r.c.d.SchemaSqlSessionConfig - schema.maxSqlCount:200000
2019-07-16 15:29:20.249 [main] INFO  c.a.d.xa.XATransactionalResource - foundationDataSource: refreshed XAResource
2019-07-16 15:29:20.306 [main] INFO  c.r.c.d.FoundationSqlSessionConfig - foundation.maxSqlCount:200000
2019-07-16 15:29:20.605 [main] INFO  c.a.d.xa.XATransactionalResource - masterDataSource: refreshed XAResource
2019-07-16 15:29:20.657 [main] INFO  c.r.c.d.MasterSqlSessionConfig - master.maxSqlCount:200000
2019-07-16 15:29:22.435 [main] INFO  io.lettuce.core.EpollProvider - Starting without optional epoll library
2019-07-16 15:29:22.439 [main] INFO  io.lettuce.core.KqueueProvider - Starting without optional kqueue library
2019-07-16 15:29:23.333 [main] INFO  o.s.s.web.DefaultSecurityFilterChain - Creating filter chain: Ant [pattern='/resources/**'], []
2019-07-16 15:29:23.477 [main] INFO  o.s.s.web.DefaultSecurityFilterChain - Creating filter chain: any request, [org.springframework.security.web.context.request.async.WebAsyncManagerIntegrationFilter@2e0de20d, org.springframework.security.web.context.SecurityContextPersistenceFilter@a1c4f69, org.springframework.security.web.header.HeaderWriterFilter@3a1540be, org.springframework.security.web.authentication.logout.LogoutFilter@b1e63b5, org.springframework.security.web.authentication.UsernamePasswordAuthenticationFilter@4c69b396, org.springframework.security.web.authentication.ui.DefaultLoginPageGeneratingFilter@7bb4f09d, org.springframework.security.web.authentication.ui.DefaultLogoutPageGeneratingFilter@121f97fb, org.springframework.security.web.savedrequest.RequestCacheAwareFilter@5cdafb4d, org.springframework.security.web.servletapi.SecurityContextHolderAwareRequestFilter@54a7d1b9, org.springframework.security.web.authentication.AnonymousAuthenticationFilter@70a3b, org.springframework.security.web.session.SessionManagementFilter@1a000fff, org.springframework.security.web.access.ExceptionTranslationFilter@489989eb, org.springframework.security.web.access.intercept.FilterSecurityInterceptor@2a9fd482]
2019-07-16 15:29:23.999 [main] INFO  o.s.s.c.ThreadPoolTaskExecutor - Initializing ExecutorService 'applicationTaskExecutor'
2019-07-16 15:29:26.169 [main] INFO  o.s.s.a.ScheduledAnnotationBeanPostProcessor - No TaskScheduler/ScheduledExecutorService bean found for scheduled processing
2019-07-16 15:29:26.188 [main] INFO  o.a.coyote.http11.Http11NioProtocol - Starting ProtocolHandler ["http-nio-8080"]
2019-07-16 15:29:26.254 [main] INFO  o.s.b.w.e.tomcat.TomcatWebServer - Tomcat started on port(s): 8080 (http) with context path ''
2019-07-16 15:29:26.263 [main] INFO  com.RapFileManagementApplication - Started RapFileManagementApplication in 18.762 seconds (JVM running for 20.011)
2019-07-16 15:30:10.691 [http-nio-8080-exec-1] INFO  o.a.c.c.C.[Tomcat].[localhost].[/] - Initializing Spring DispatcherServlet 'dispatcherServlet'
2019-07-16 15:30:10.692 [http-nio-8080-exec-1] INFO  o.s.web.servlet.DispatcherServlet - Initializing Servlet 'dispatcherServlet'
2019-07-16 15:30:10.729 [http-nio-8080-exec-1] INFO  o.s.web.servlet.DispatcherServlet - Completed initialization in 37 ms
2019-07-16 15:30:25.116 [http-nio-8080-exec-4] INFO  c.r.o.d.m.i.QueryLoggingInterceptor - ********************************QueryLoggingInterceptor intercepted*******************************
2019-07-16 15:30:25.263 [http-nio-8080-exec-4] INFO  c.r.o.d.m.i.QueryLoggingInterceptor - ********************************QueryLoggingInterceptor intercepted*******************************
2019-07-16 15:30:25.270 [http-nio-8080-exec-4] INFO  c.r.o.d.m.i.QueryLoggingInterceptor - ********************************QueryLoggingInterceptor intercepted*******************************
2019-07-16 15:30:25.283 [http-nio-8080-exec-4] INFO  c.r.o.d.m.i.QueryLoggingInterceptor - ********************************QueryLoggingInterceptor intercepted*******************************
2019-07-16 15:30:25.293 [http-nio-8080-exec-4] INFO  c.r.o.d.m.i.QueryLoggingInterceptor - ********************************QueryLoggingInterceptor intercepted*******************************
2019-07-16 15:30:25.300 [http-nio-8080-exec-4] INFO  c.r.o.d.m.i.QueryLoggingInterceptor - ********************************QueryLoggingInterceptor intercepted*******************************
2019-07-16 15:30:25.304 [http-nio-8080-exec-4] INFO  c.r.o.d.m.i.QueryLoggingInterceptor - ********************************QueryLoggingInterceptor intercepted*******************************
2019-07-16 15:30:25.316 [http-nio-8080-exec-4] INFO  c.r.o.d.m.i.QueryLoggingInterceptor - ********************************QueryLoggingInterceptor intercepted*******************************
2019-07-16 15:30:25.322 [http-nio-8080-exec-4] INFO  c.r.o.d.m.i.QueryLoggingInterceptor - ********************************QueryLoggingInterceptor intercepted*******************************
2019-07-16 15:30:25.324 [http-nio-8080-exec-4] INFO  c.r.o.d.m.i.QueryLoggingInterceptor - ********************************QueryLoggingInterceptor intercepted*******************************
2019-07-16 15:30:25.328 [http-nio-8080-exec-4] INFO  c.r.o.d.m.i.QueryLoggingInterceptor - ********************************QueryLoggingInterceptor intercepted*******************************
2019-07-16 15:30:25.338 [http-nio-8080-exec-4] INFO  c.r.o.d.m.i.QueryLoggingInterceptor - ********************************QueryLoggingInterceptor intercepted*******************************
2019-07-16 15:30:25.343 [http-nio-8080-exec-4] INFO  c.r.o.d.m.i.QueryLoggingInterceptor - ********************************QueryLoggingInterceptor intercepted*******************************
2019-07-16 15:30:25.356 [http-nio-8080-exec-4] INFO  c.r.o.d.m.i.QueryLoggingInterceptor - ********************************QueryLoggingInterceptor intercepted*******************************
2019-07-16 15:30:25.357 [http-nio-8080-exec-4] INFO  c.r.o.d.m.i.QueryLoggingInterceptor - ********************************QueryLoggingInterceptor intercepted*******************************
2019-07-16 15:30:25.363 [http-nio-8080-exec-4] INFO  c.r.o.d.m.i.QueryLoggingInterceptor - ********************************QueryLoggingInterceptor intercepted*******************************
2019-07-16 15:30:25.365 [http-nio-8080-exec-4] INFO  c.r.o.d.m.i.QueryLoggingInterceptor - ********************************QueryLoggingInterceptor intercepted*******************************
2019-07-16 15:30:25.367 [http-nio-8080-exec-4] INFO  c.r.o.d.m.i.QueryLoggingInterceptor - ********************************QueryLoggingInterceptor intercepted*******************************
2019-07-16 15:30:25.371 [http-nio-8080-exec-4] INFO  c.r.o.d.m.i.QueryLoggingInterceptor - ********************************QueryLoggingInterceptor intercepted*******************************
2019-07-16 15:30:25.374 [http-nio-8080-exec-4] INFO  c.r.o.d.m.i.QueryLoggingInterceptor - ********************************QueryLoggingInterceptor intercepted*******************************
2019-07-16 15:30:25.378 [http-nio-8080-exec-4] INFO  c.r.o.d.m.i.QueryLoggingInterceptor - ********************************QueryLoggingInterceptor intercepted*******************************
2019-07-16 15:30:25.381 [http-nio-8080-exec-4] INFO  c.r.o.d.m.i.QueryLoggingInterceptor - ********************************QueryLoggingInterceptor intercepted*******************************
2019-07-16 15:30:25.382 [http-nio-8080-exec-4] INFO  c.r.o.d.m.i.QueryLoggingInterceptor - ********************************QueryLoggingInterceptor intercepted*******************************
2019-07-16 15:30:25.388 [http-nio-8080-exec-4] INFO  c.r.o.d.m.i.QueryLoggingInterceptor - ********************************QueryLoggingInterceptor intercepted*******************************
2019-07-16 15:30:25.390 [http-nio-8080-exec-4] INFO  c.r.o.d.m.i.QueryLoggingInterceptor - ********************************QueryLoggingInterceptor intercepted*******************************
2019-07-16 15:30:25.394 [http-nio-8080-exec-4] INFO  c.r.o.d.m.i.QueryLoggingInterceptor - ********************************QueryLoggingInterceptor intercepted*******************************
2019-07-16 15:30:25.395 [http-nio-8080-exec-4] INFO  c.r.o.d.m.i.QueryLoggingInterceptor - ********************************QueryLoggingInterceptor intercepted*******************************
2019-07-16 15:30:25.401 [http-nio-8080-exec-4] INFO  c.r.o.d.m.i.QueryLoggingInterceptor - ********************************QueryLoggingInterceptor intercepted*******************************
2019-07-16 15:30:25.403 [http-nio-8080-exec-4] INFO  c.r.o.d.m.i.QueryLoggingInterceptor - ********************************QueryLoggingInterceptor intercepted*******************************
2019-07-16 15:30:25.406 [http-nio-8080-exec-4] INFO  c.r.o.d.m.i.QueryLoggingInterceptor - ********************************QueryLoggingInterceptor intercepted*******************************
2019-07-16 15:30:25.407 [http-nio-8080-exec-4] INFO  c.r.o.d.m.i.QueryLoggingInterceptor - ********************************QueryLoggingInterceptor intercepted*******************************
2019-07-16 15:30:25.411 [http-nio-8080-exec-4] INFO  c.r.o.d.m.i.QueryLoggingInterceptor - ********************************QueryLoggingInterceptor intercepted*******************************
2019-07-16 15:30:25.418 [http-nio-8080-exec-4] INFO  c.r.o.d.m.i.QueryLoggingInterceptor - ********************************QueryLoggingInterceptor intercepted*******************************
2019-07-16 15:30:25.426 [http-nio-8080-exec-4] INFO  c.r.o.d.m.i.QueryLoggingInterceptor - ********************************QueryLoggingInterceptor intercepted*******************************
2019-07-16 15:30:25.429 [http-nio-8080-exec-4] INFO  c.r.o.d.m.i.QueryLoggingInterceptor - ********************************QueryLoggingInterceptor intercepted*******************************
2019-07-16 15:30:25.438 [http-nio-8080-exec-4] INFO  c.r.o.d.m.i.QueryLoggingInterceptor - ********************************QueryLoggingInterceptor intercepted*******************************
2019-07-16 15:30:25.440 [http-nio-8080-exec-4] INFO  c.r.o.d.m.i.QueryLoggingInterceptor - ********************************QueryLoggingInterceptor intercepted*******************************
2019-07-16 15:30:25.452 [http-nio-8080-exec-4] INFO  c.r.o.d.m.i.QueryLoggingInterceptor - ********************************QueryLoggingInterceptor intercepted*******************************
2019-07-16 15:30:25.454 [http-nio-8080-exec-4] INFO  c.r.o.d.m.i.QueryLoggingInterceptor - ********************************QueryLoggingInterceptor intercepted*******************************
2019-07-16 15:30:25.464 [http-nio-8080-exec-4] INFO  c.r.o.d.m.i.QueryLoggingInterceptor - ********************************QueryLoggingInterceptor intercepted*******************************
2019-07-16 15:30:25.467 [http-nio-8080-exec-4] INFO  c.r.o.d.m.i.QueryLoggingInterceptor - ********************************QueryLoggingInterceptor intercepted*******************************
2019-07-16 15:30:25.477 [http-nio-8080-exec-4] INFO  c.r.o.d.m.i.QueryLoggingInterceptor - ********************************QueryLoggingInterceptor intercepted*******************************
2019-07-16 15:30:25.481 [http-nio-8080-exec-4] INFO  c.r.o.d.m.i.QueryLoggingInterceptor - ********************************QueryLoggingInterceptor intercepted*******************************
2019-07-16 15:30:25.489 [http-nio-8080-exec-4] INFO  c.r.o.d.m.i.QueryLoggingInterceptor - ********************************QueryLoggingInterceptor intercepted*******************************
2019-07-16 15:30:25.491 [http-nio-8080-exec-4] INFO  c.r.o.d.m.i.QueryLoggingInterceptor - ********************************QueryLoggingInterceptor intercepted*******************************
2019-07-16 15:30:25.499 [http-nio-8080-exec-4] INFO  c.r.o.d.m.i.QueryLoggingInterceptor - ********************************QueryLoggingInterceptor intercepted*******************************
2019-07-16 15:30:25.499 [http-nio-8080-exec-4] INFO  c.r.o.d.m.i.QueryLoggingInterceptor - ********************************QueryLoggingInterceptor intercepted*******************************
2019-07-16 15:30:25.500 [http-nio-8080-exec-4] INFO  c.r.o.d.m.i.QueryLoggingInterceptor - ********************************QueryLoggingInterceptor intercepted*******************************
2019-07-16 15:30:25.501 [http-nio-8080-exec-4] INFO  c.r.o.d.m.i.QueryLoggingInterceptor - ********************************QueryLoggingInterceptor intercepted*******************************
2019-07-16 15:30:25.502 [http-nio-8080-exec-4] INFO  c.r.o.d.m.i.QueryLoggingInterceptor - ********************************QueryLoggingInterceptor intercepted*******************************
2019-07-16 15:30:25.503 [http-nio-8080-exec-4] INFO  c.r.o.d.m.i.QueryLoggingInterceptor - ********************************QueryLoggingInterceptor intercepted*******************************
2019-07-16 15:30:25.503 [http-nio-8080-exec-4] INFO  c.r.o.d.m.i.QueryLoggingInterceptor - ********************************QueryLoggingInterceptor intercepted*******************************
2019-07-16 15:30:26.005 [http-nio-8080-exec-4] INFO  c.r.o.d.m.i.QueryLoggingInterceptor - ********************************QueryLoggingInterceptor intercepted*******************************
2019-07-16 15:30:26.019 [http-nio-8080-exec-4] INFO  c.r.o.d.m.i.QueryLoggingInterceptor - ********************************QueryLoggingInterceptor intercepted*******************************
2019-07-16 15:30:26.026 [http-nio-8080-exec-4] INFO  c.r.o.d.m.i.QueryLoggingInterceptor - ********************************QueryLoggingInterceptor intercepted*******************************
2019-07-16 15:30:26.032 [http-nio-8080-exec-4] INFO  c.r.o.d.m.i.QueryLoggingInterceptor - ********************************QueryLoggingInterceptor intercepted*******************************
2019-07-16 15:30:26.033 [http-nio-8080-exec-4] INFO  c.r.o.d.m.i.QueryLoggingInterceptor - ********************************QueryLoggingInterceptor intercepted*******************************
2019-07-16 15:30:26.037 [http-nio-8080-exec-4] INFO  c.r.o.d.m.i.QueryLoggingInterceptor - ********************************QueryLoggingInterceptor intercepted*******************************
2019-07-16 15:30:26.041 [http-nio-8080-exec-4] INFO  c.r.o.d.m.i.QueryLoggingInterceptor - ********************************QueryLoggingInterceptor intercepted*******************************
2019-07-16 15:30:26.043 [http-nio-8080-exec-4] INFO  c.r.o.d.m.i.QueryLoggingInterceptor - ********************************QueryLoggingInterceptor intercepted*******************************
2019-07-16 15:30:26.045 [http-nio-8080-exec-4] INFO  c.r.o.d.m.i.QueryLoggingInterceptor - ********************************QueryLoggingInterceptor intercepted*******************************
2019-07-16 15:30:26.047 [http-nio-8080-exec-4] INFO  c.r.o.d.m.i.QueryLoggingInterceptor - ********************************QueryLoggingInterceptor intercepted*******************************
2019-07-16 15:30:26.050 [http-nio-8080-exec-4] INFO  c.r.o.d.m.i.QueryLoggingInterceptor - ********************************QueryLoggingInterceptor intercepted*******************************
2019-07-16 15:30:26.061 [http-nio-8080-exec-4] INFO  c.r.o.d.m.i.QueryLoggingInterceptor - ********************************QueryLoggingInterceptor intercepted*******************************
2019-07-16 15:30:26.064 [http-nio-8080-exec-4] INFO  c.r.o.d.m.i.QueryLoggingInterceptor - ********************************QueryLoggingInterceptor intercepted*******************************
2019-07-16 15:30:26.070 [http-nio-8080-exec-4] INFO  c.r.o.d.m.i.QueryLoggingInterceptor - ********************************QueryLoggingInterceptor intercepted*******************************
2019-07-16 15:30:26.073 [http-nio-8080-exec-4] INFO  c.r.o.d.m.i.QueryLoggingInterceptor - ********************************QueryLoggingInterceptor intercepted*******************************
2019-07-16 15:30:26.074 [http-nio-8080-exec-4] INFO  c.r.o.d.m.i.QueryLoggingInterceptor - ********************************QueryLoggingInterceptor intercepted*******************************
2019-07-16 15:30:26.074 [http-nio-8080-exec-4] INFO  c.r.o.d.m.i.QueryLoggingInterceptor - ********************************QueryLoggingInterceptor intercepted*******************************
2019-07-16 15:30:26.074 [http-nio-8080-exec-4] INFO  c.r.o.d.m.i.QueryLoggingInterceptor - ********************************QueryLoggingInterceptor intercepted*******************************
2019-07-16 15:30:26.078 [http-nio-8080-exec-4] INFO  c.r.o.d.m.i.QueryLoggingInterceptor - ********************************QueryLoggingInterceptor intercepted*******************************
2019-07-16 15:30:26.079 [http-nio-8080-exec-4] INFO  c.r.o.d.m.i.QueryLoggingInterceptor - ********************************QueryLoggingInterceptor intercepted*******************************
2019-07-16 15:30:26.081 [http-nio-8080-exec-4] INFO  c.r.o.d.m.i.QueryLoggingInterceptor - ********************************QueryLoggingInterceptor intercepted*******************************
2019-07-16 15:30:26.083 [http-nio-8080-exec-4] INFO  c.r.o.d.m.i.QueryLoggingInterceptor - ********************************QueryLoggingInterceptor intercepted*******************************
2019-07-16 15:30:26.085 [http-nio-8080-exec-4] INFO  c.r.o.d.m.i.QueryLoggingInterceptor - ********************************QueryLoggingInterceptor intercepted*******************************
2019-07-16 15:30:26.088 [http-nio-8080-exec-4] INFO  c.r.o.d.m.i.QueryLoggingInterceptor - ********************************QueryLoggingInterceptor intercepted*******************************
2019-07-16 15:30:26.089 [http-nio-8080-exec-4] INFO  c.r.o.d.m.i.QueryLoggingInterceptor - ********************************QueryLoggingInterceptor intercepted*******************************
2019-07-16 15:30:26.091 [http-nio-8080-exec-4] INFO  c.r.o.d.m.i.QueryLoggingInterceptor - ********************************QueryLoggingInterceptor intercepted*******************************
2019-07-16 15:30:26.094 [http-nio-8080-exec-4] INFO  c.r.o.d.m.i.QueryLoggingInterceptor - ********************************QueryLoggingInterceptor intercepted*******************************
2019-07-16 15:30:26.094 [http-nio-8080-exec-4] INFO  c.r.o.d.m.i.QueryLoggingInterceptor - ********************************QueryLoggingInterceptor intercepted*******************************
2019-07-16 15:30:26.096 [http-nio-8080-exec-4] INFO  c.r.o.d.m.i.QueryLoggingInterceptor - ********************************QueryLoggingInterceptor intercepted*******************************
2019-07-16 15:30:26.098 [http-nio-8080-exec-4] INFO  c.r.o.d.m.i.QueryLoggingInterceptor - ********************************QueryLoggingInterceptor intercepted*******************************
2019-07-16 15:30:26.099 [http-nio-8080-exec-4] INFO  c.r.o.d.m.i.QueryLoggingInterceptor - ********************************QueryLoggingInterceptor intercepted*******************************
2019-07-16 15:30:26.103 [http-nio-8080-exec-4] INFO  c.r.o.d.m.i.QueryLoggingInterceptor - ********************************QueryLoggingInterceptor intercepted*******************************
2019-07-16 15:30:26.105 [http-nio-8080-exec-4] INFO  c.r.o.d.m.i.QueryLoggingInterceptor - ********************************QueryLoggingInterceptor intercepted*******************************
2019-07-16 15:30:26.111 [http-nio-8080-exec-4] INFO  c.r.o.d.m.i.QueryLoggingInterceptor - ********************************QueryLoggingInterceptor intercepted*******************************
2019-07-16 15:30:26.113 [http-nio-8080-exec-4] INFO  c.r.o.d.m.i.QueryLoggingInterceptor - ********************************QueryLoggingInterceptor intercepted*******************************
2019-07-16 15:30:26.118 [http-nio-8080-exec-4] INFO  c.r.o.d.m.i.QueryLoggingInterceptor - ********************************QueryLoggingInterceptor intercepted*******************************
2019-07-16 15:30:26.121 [http-nio-8080-exec-4] INFO  c.r.o.d.m.i.QueryLoggingInterceptor - ********************************QueryLoggingInterceptor intercepted*******************************
2019-07-16 15:30:26.128 [http-nio-8080-exec-4] INFO  c.r.o.d.m.i.QueryLoggingInterceptor - ********************************QueryLoggingInterceptor intercepted*******************************
2019-07-16 15:30:26.130 [http-nio-8080-exec-4] INFO  c.r.o.d.m.i.QueryLoggingInterceptor - ********************************QueryLoggingInterceptor intercepted*******************************
2019-07-16 15:30:26.141 [http-nio-8080-exec-4] INFO  c.r.o.d.m.i.QueryLoggingInterceptor - ********************************QueryLoggingInterceptor intercepted*******************************
2019-07-16 15:30:26.143 [http-nio-8080-exec-4] INFO  c.r.o.d.m.i.QueryLoggingInterceptor - ********************************QueryLoggingInterceptor intercepted*******************************
2019-07-16 15:30:26.152 [http-nio-8080-exec-4] INFO  c.r.o.d.m.i.QueryLoggingInterceptor - ********************************QueryLoggingInterceptor intercepted*******************************
2019-07-16 15:30:26.156 [http-nio-8080-exec-4] INFO  c.r.o.d.m.i.QueryLoggingInterceptor - ********************************QueryLoggingInterceptor intercepted*******************************
2019-07-16 15:30:26.167 [http-nio-8080-exec-4] INFO  c.r.o.d.m.i.QueryLoggingInterceptor - ********************************QueryLoggingInterceptor intercepted*******************************
2019-07-16 15:30:26.171 [http-nio-8080-exec-4] INFO  c.r.o.d.m.i.QueryLoggingInterceptor - ********************************QueryLoggingInterceptor intercepted*******************************
2019-07-16 15:30:26.178 [http-nio-8080-exec-4] INFO  c.r.o.d.m.i.QueryLoggingInterceptor - ********************************QueryLoggingInterceptor intercepted*******************************
2019-07-16 15:30:26.178 [http-nio-8080-exec-4] INFO  c.r.o.d.m.i.QueryLoggingInterceptor - ********************************QueryLoggingInterceptor intercepted*******************************
2019-07-16 15:30:26.179 [http-nio-8080-exec-4] INFO  c.r.o.d.m.i.QueryLoggingInterceptor - ********************************QueryLoggingInterceptor intercepted*******************************
2019-07-16 15:30:26.180 [http-nio-8080-exec-4] INFO  c.r.o.d.m.i.QueryLoggingInterceptor - ********************************QueryLoggingInterceptor intercepted*******************************
2019-07-16 15:30:26.180 [http-nio-8080-exec-4] INFO  c.r.o.d.m.i.QueryLoggingInterceptor - ********************************QueryLoggingInterceptor intercepted*******************************
2019-07-16 15:30:26.181 [http-nio-8080-exec-4] INFO  c.r.o.d.m.i.QueryLoggingInterceptor - ********************************QueryLoggingInterceptor intercepted*******************************
2019-07-16 15:30:26.181 [http-nio-8080-exec-4] INFO  c.r.o.d.m.i.QueryLoggingInterceptor - ********************************QueryLoggingInterceptor intercepted*******************************
2019-07-16 15:30:26.202 [http-nio-8080-exec-4] INFO  c.r.o.d.m.i.QueryLoggingInterceptor - ********************************QueryLoggingInterceptor intercepted*******************************
2019-07-16 15:30:26.223 [http-nio-8080-exec-4] INFO  c.r.o.d.m.i.QueryLoggingInterceptor - ********************************QueryLoggingInterceptor intercepted*******************************
2019-07-16 15:30:26.277 [http-nio-8080-exec-4] INFO  c.r.o.d.m.i.QueryLoggingInterceptor - ********************************QueryLoggingInterceptor intercepted*******************************
2019-07-16 15:30:26.284 [http-nio-8080-exec-4] INFO  c.r.o.d.m.i.QueryLoggingInterceptor - ********************************QueryLoggingInterceptor intercepted*******************************
2019-07-16 15:30:26.286 [http-nio-8080-exec-4] INFO  c.r.o.d.m.i.QueryLoggingInterceptor - ********************************QueryLoggingInterceptor intercepted*******************************
2019-07-16 15:30:26.291 [http-nio-8080-exec-4] INFO  c.r.o.d.m.i.QueryLoggingInterceptor - ********************************QueryLoggingInterceptor intercepted*******************************
2019-07-16 15:30:26.298 [http-nio-8080-exec-4] INFO  c.r.o.d.m.i.QueryLoggingInterceptor - ********************************QueryLoggingInterceptor intercepted*******************************
2019-07-16 15:30:26.298 [http-nio-8080-exec-4] INFO  c.r.o.d.m.i.QueryLoggingInterceptor - ********************************QueryLoggingInterceptor intercepted*******************************
2019-07-16 15:30:26.298 [http-nio-8080-exec-4] INFO  c.r.o.d.m.i.QueryLoggingInterceptor - ********************************QueryLoggingInterceptor intercepted*******************************
2019-07-16 15:30:26.310 [http-nio-8080-exec-4] INFO  c.r.o.d.m.i.QueryLoggingInterceptor - ********************************QueryLoggingInterceptor intercepted*******************************
2019-07-16 15:30:26.325 [http-nio-8080-exec-4] INFO  c.r.o.d.m.i.QueryLoggingInterceptor - ********************************QueryLoggingInterceptor intercepted*******************************
2019-07-16 15:30:26.331 [http-nio-8080-exec-4] INFO  c.r.o.d.m.i.QueryLoggingInterceptor - ********************************QueryLoggingInterceptor intercepted*******************************
2019-07-16 15:30:26.342 [http-nio-8080-exec-4] INFO  c.r.o.d.m.i.QueryLoggingInterceptor - ********************************QueryLoggingInterceptor intercepted*******************************
2019-07-16 15:30:26.372 [http-nio-8080-exec-4] INFO  c.r.o.d.m.i.QueryLoggingInterceptor - ********************************QueryLoggingInterceptor intercepted*******************************
2019-07-16 15:30:26.375 [http-nio-8080-exec-4] INFO  c.r.o.d.m.i.QueryLoggingInterceptor - ********************************QueryLoggingInterceptor intercepted*******************************
2019-07-16 15:30:26.377 [http-nio-8080-exec-4] INFO  c.r.o.d.m.i.QueryLoggingInterceptor - ********************************QueryLoggingInterceptor intercepted*******************************
2019-07-16 15:30:26.379 [http-nio-8080-exec-4] INFO  c.r.o.d.m.i.QueryLoggingInterceptor - ********************************QueryLoggingInterceptor intercepted*******************************
2019-07-16 15:30:26.382 [http-nio-8080-exec-4] INFO  c.r.o.d.m.i.QueryLoggingInterceptor - ********************************QueryLoggingInterceptor intercepted*******************************
2019-07-16 15:30:26.386 [http-nio-8080-exec-4] INFO  c.r.o.d.m.i.QueryLoggingInterceptor - ********************************QueryLoggingInterceptor intercepted*******************************
2019-07-16 15:30:26.389 [http-nio-8080-exec-4] INFO  c.r.o.d.m.i.QueryLoggingInterceptor - ********************************QueryLoggingInterceptor intercepted*******************************
2019-07-16 15:30:26.410 [http-nio-8080-exec-4] INFO  c.r.o.d.m.i.QueryLoggingInterceptor - ********************************QueryLoggingInterceptor intercepted*******************************
2019-07-16 15:30:26.430 [http-nio-8080-exec-4] INFO  c.r.o.d.m.i.QueryLoggingInterceptor - ********************************QueryLoggingInterceptor intercepted*******************************
2019-07-16 15:30:26.447 [http-nio-8080-exec-4] INFO  c.r.o.d.m.i.QueryLoggingInterceptor - ********************************QueryLoggingInterceptor intercepted*******************************
2019-07-16 15:30:26.472 [http-nio-8080-exec-4] INFO  c.r.o.d.m.i.QueryLoggingInterceptor - ********************************QueryLoggingInterceptor intercepted*******************************
2019-07-16 15:30:26.475 [http-nio-8080-exec-4] INFO  c.r.o.d.m.i.QueryLoggingInterceptor - ********************************QueryLoggingInterceptor intercepted*******************************
2019-07-16 15:30:26.477 [http-nio-8080-exec-4] INFO  c.r.o.d.m.i.QueryLoggingInterceptor - ********************************QueryLoggingInterceptor intercepted*******************************
2019-07-16 15:30:26.480 [http-nio-8080-exec-4] INFO  c.r.o.d.m.i.QueryLoggingInterceptor - ********************************QueryLoggingInterceptor intercepted*******************************
2019-07-16 15:30:26.484 [http-nio-8080-exec-4] INFO  c.r.o.d.m.i.QueryLoggingInterceptor - ********************************QueryLoggingInterceptor intercepted*******************************
2019-07-16 15:30:26.486 [http-nio-8080-exec-4] INFO  c.r.o.d.m.i.QueryLoggingInterceptor - ********************************QueryLoggingInterceptor intercepted*******************************
2019-07-16 15:30:26.488 [http-nio-8080-exec-4] INFO  c.r.o.d.m.i.QueryLoggingInterceptor - ********************************QueryLoggingInterceptor intercepted*******************************
2019-07-16 15:30:26.512 [http-nio-8080-exec-4] INFO  c.r.o.d.m.i.QueryLoggingInterceptor - ********************************QueryLoggingInterceptor intercepted*******************************
2019-07-16 15:30:26.515 [http-nio-8080-exec-4] INFO  c.r.o.d.m.i.QueryLoggingInterceptor - ********************************QueryLoggingInterceptor intercepted*******************************
2019-07-16 15:30:26.526 [http-nio-8080-exec-4] INFO  c.r.o.d.m.i.QueryLoggingInterceptor - ********************************QueryLoggingInterceptor intercepted*******************************
2019-07-16 15:30:26.552 [http-nio-8080-exec-4] INFO  c.r.o.d.m.i.QueryLoggingInterceptor - ********************************QueryLoggingInterceptor intercepted*******************************
2019-07-16 15:30:26.555 [http-nio-8080-exec-4] INFO  c.r.o.d.m.i.QueryLoggingInterceptor - ********************************QueryLoggingInterceptor intercepted*******************************
2019-07-16 15:30:26.557 [http-nio-8080-exec-4] INFO  c.r.o.d.m.i.QueryLoggingInterceptor - ********************************QueryLoggingInterceptor intercepted*******************************
2019-07-16 15:30:26.560 [http-nio-8080-exec-4] INFO  c.r.o.d.m.i.QueryLoggingInterceptor - ********************************QueryLoggingInterceptor intercepted*******************************
2019-07-16 15:30:26.565 [http-nio-8080-exec-4] INFO  c.r.o.d.m.i.QueryLoggingInterceptor - ********************************QueryLoggingInterceptor intercepted*******************************
2019-07-16 15:30:26.568 [http-nio-8080-exec-4] INFO  c.r.o.d.m.i.QueryLoggingInterceptor - ********************************QueryLoggingInterceptor intercepted*******************************
2019-07-16 15:30:26.575 [http-nio-8080-exec-4] INFO  c.r.o.d.m.i.QueryLoggingInterceptor - ********************************QueryLoggingInterceptor intercepted*******************************
2019-07-16 15:30:26.580 [http-nio-8080-exec-4] INFO  c.r.o.d.m.i.QueryLoggingInterceptor - ********************************QueryLoggingInterceptor intercepted*******************************
2019-07-16 15:30:26.588 [http-nio-8080-exec-4] INFO  c.r.o.d.m.i.QueryLoggingInterceptor - ********************************QueryLoggingInterceptor intercepted*******************************
2019-07-16 15:30:26.598 [http-nio-8080-exec-4] INFO  c.r.o.d.m.i.QueryLoggingInterceptor - ********************************QueryLoggingInterceptor intercepted*******************************
2019-07-16 15:30:26.635 [http-nio-8080-exec-4] INFO  c.r.o.d.m.i.QueryLoggingInterceptor - ********************************QueryLoggingInterceptor intercepted*******************************
2019-07-16 15:30:26.637 [http-nio-8080-exec-4] INFO  c.r.o.d.m.i.QueryLoggingInterceptor - ********************************QueryLoggingInterceptor intercepted*******************************
2019-07-16 15:30:26.639 [http-nio-8080-exec-4] INFO  c.r.o.d.m.i.QueryLoggingInterceptor - ********************************QueryLoggingInterceptor intercepted*******************************
2019-07-16 15:30:26.641 [http-nio-8080-exec-4] INFO  c.r.o.d.m.i.QueryLoggingInterceptor - ********************************QueryLoggingInterceptor intercepted*******************************
2019-07-16 15:30:26.645 [http-nio-8080-exec-4] INFO  c.r.o.d.m.i.QueryLoggingInterceptor - ********************************QueryLoggingInterceptor intercepted*******************************
2019-07-16 15:30:26.649 [http-nio-8080-exec-4] INFO  c.r.o.d.m.i.QueryLoggingInterceptor - ********************************QueryLoggingInterceptor intercepted*******************************
2019-07-16 15:30:26.651 [http-nio-8080-exec-4] INFO  c.r.o.d.m.i.QueryLoggingInterceptor - ********************************QueryLoggingInterceptor intercepted*******************************
2019-07-16 15:30:26.738 [http-nio-8080-exec-5] INFO  c.r.c.w.i.LoginCheckInterceptor - *****************************************************************************************************
2019-07-16 15:30:26.738 [http-nio-8080-exec-5] INFO  c.r.c.w.i.LoginCheckInterceptor - *************************************LoginCheckInterceptor.checkHandle*******************************
2019-07-16 15:30:26.738 [http-nio-8080-exec-5] INFO  c.r.c.w.i.LoginCheckInterceptor - *****************************************************************************************************
2019-07-16 15:30:26.739 [http-nio-8080-exec-5] INFO  c.r.c.w.i.SSOLocaleChangeInterceptor - *****************************************************************************************************
2019-07-16 15:30:26.740 [http-nio-8080-exec-5] INFO  c.r.c.w.i.SSOLocaleChangeInterceptor - *************************************SSOLocaleChangeInterceptor.preHandle****************************
2019-07-16 15:30:26.740 [http-nio-8080-exec-5] INFO  c.r.c.w.i.SSOLocaleChangeInterceptor - *****************************************************************************************************
2019-07-16 15:30:26.781 [http-nio-8080-exec-5] INFO  c.r.c.w.i.LoginCheckInterceptor - *****************************************************************************************************
2019-07-16 15:30:26.782 [http-nio-8080-exec-5] INFO  c.r.c.w.i.LoginCheckInterceptor - *************************************LoginCheckInterceptor.checkHandle*******************************
2019-07-16 15:30:26.782 [http-nio-8080-exec-5] INFO  c.r.c.w.i.LoginCheckInterceptor - *****************************************************************************************************
2019-07-16 15:30:26.782 [http-nio-8080-exec-5] INFO  c.r.c.w.i.SSOLocaleChangeInterceptor - *****************************************************************************************************
2019-07-16 15:30:26.782 [http-nio-8080-exec-5] INFO  c.r.c.w.i.SSOLocaleChangeInterceptor - *************************************SSOLocaleChangeInterceptor.preHandle****************************
2019-07-16 15:30:26.782 [http-nio-8080-exec-5] INFO  c.r.c.w.i.SSOLocaleChangeInterceptor - *****************************************************************************************************
2019-07-16 15:45:08.371 [main] INFO  com.RapFileManagementApplication - Starting RapFileManagementApplication on LCNC06V0064 with PID 1684 (C:\SpringBoot\workspace\rap-file-service\target\classes started by 62972 in C:\SpringBoot\workspace\rap-file-service)
2019-07-16 15:45:08.389 [main] INFO  com.RapFileManagementApplication - No active profile set, falling back to default profiles: default
2019-07-16 15:45:12.741 [main] INFO  o.s.d.r.c.RepositoryConfigurationDelegate - Multiple Spring Data modules found, entering strict repository configuration mode!
2019-07-16 15:45:12.747 [main] INFO  o.s.d.r.c.RepositoryConfigurationDelegate - Bootstrapping Spring Data repositories in DEFAULT mode.
2019-07-16 15:45:14.215 [main] INFO  o.s.d.r.c.RepositoryConfigurationDelegate - Finished Spring Data repository scanning in 1437ms. Found 0 repository interfaces.
2019-07-16 15:45:15.330 [main] INFO  c.a.icatch.provider.imp.AssemblerImp - Loaded jar:file:/C:/Users/62972/.m2/repository/com/atomikos/transactions/4.0.6/transactions-4.0.6.jar!/transactions-defaults.properties
2019-07-16 15:45:15.338 [main] WARN  c.a.icatch.provider.imp.AssemblerImp - Thanks for using Atomikos! Evaluate http://www.atomikos.com/Main/ExtremeTransactions for advanced features and professional support
or register at http://www.atomikos.com/Main/RegisterYourDownload to disable this message and receive FREE tips & advice
2019-07-16 15:45:15.341 [main] INFO  c.a.icatch.provider.imp.AssemblerImp - USING: com.atomikos.icatch.default_max_wait_time_on_shutdown = 9223372036854775807
2019-07-16 15:45:15.341 [main] INFO  c.a.icatch.provider.imp.AssemblerImp - USING: com.atomikos.icatch.allow_subtransactions = true
2019-07-16 15:45:15.342 [main] INFO  c.a.icatch.provider.imp.AssemblerImp - USING: com.atomikos.icatch.recovery_delay = 10000
2019-07-16 15:45:15.344 [main] INFO  c.a.icatch.provider.imp.AssemblerImp - USING: com.atomikos.icatch.automatic_resource_registration = true
2019-07-16 15:45:15.345 [main] INFO  c.a.icatch.provider.imp.AssemblerImp - USING: com.atomikos.icatch.oltp_max_retries = 5
2019-07-16 15:45:15.347 [main] INFO  c.a.icatch.provider.imp.AssemblerImp - USING: com.atomikos.icatch.client_demarcation = false
2019-07-16 15:45:15.348 [main] INFO  c.a.icatch.provider.imp.AssemblerImp - USING: com.atomikos.icatch.threaded_2pc = true
2019-07-16 15:45:15.349 [main] INFO  c.a.icatch.provider.imp.AssemblerImp - USING: com.atomikos.icatch.serial_jta_transactions = true
2019-07-16 15:45:15.350 [main] INFO  c.a.icatch.provider.imp.AssemblerImp - USING: com.atomikos.icatch.log_base_dir = ./
2019-07-16 15:45:15.352 [main] INFO  c.a.icatch.provider.imp.AssemblerImp - USING: com.atomikos.icatch.rmi_export_class = none
2019-07-16 15:45:15.352 [main] INFO  c.a.icatch.provider.imp.AssemblerImp - USING: com.atomikos.icatch.max_actives = 50
2019-07-16 15:45:15.352 [main] INFO  c.a.icatch.provider.imp.AssemblerImp - USING: com.atomikos.icatch.checkpoint_interval = 500
2019-07-16 15:45:15.352 [main] INFO  c.a.icatch.provider.imp.AssemblerImp - USING: com.atomikos.icatch.enable_logging = true
2019-07-16 15:45:15.352 [main] INFO  c.a.icatch.provider.imp.AssemblerImp - USING: com.atomikos.icatch.log_base_name = tmlog
2019-07-16 15:45:15.352 [main] INFO  c.a.icatch.provider.imp.AssemblerImp - USING: com.atomikos.icatch.max_timeout = 360000000000
2019-07-16 15:45:15.352 [main] INFO  c.a.icatch.provider.imp.AssemblerImp - USING: com.atomikos.icatch.trust_client_tm = false
2019-07-16 15:45:15.352 [main] INFO  c.a.icatch.provider.imp.AssemblerImp - USING: java.naming.factory.initial = com.sun.jndi.rmi.registry.RegistryContextFactory
2019-07-16 15:45:15.352 [main] INFO  c.a.icatch.provider.imp.AssemblerImp - USING: com.atomikos.icatch.tm_unique_name = 10.64.184.49.tm
2019-07-16 15:45:15.352 [main] INFO  c.a.icatch.provider.imp.AssemblerImp - USING: com.atomikos.icatch.forget_orphaned_log_entries_delay = 86400000
2019-07-16 15:45:15.352 [main] INFO  c.a.icatch.provider.imp.AssemblerImp - USING: com.atomikos.icatch.oltp_retry_interval = 10000
2019-07-16 15:45:15.352 [main] INFO  c.a.icatch.provider.imp.AssemblerImp - USING: java.naming.provider.url = rmi://localhost:1099
2019-07-16 15:45:15.352 [main] INFO  c.a.icatch.provider.imp.AssemblerImp - USING: com.atomikos.icatch.force_shutdown_on_vm_exit = false
2019-07-16 15:45:15.352 [main] INFO  c.a.icatch.provider.imp.AssemblerImp - USING: com.atomikos.icatch.default_jta_timeout = 100000000000
2019-07-16 15:45:15.354 [main] INFO  c.a.icatch.provider.imp.AssemblerImp - Using default (local) logging and recovery...
2019-07-16 15:45:15.397 [main] INFO  o.s.c.s.PostProcessorRegistrationDelegate$BeanPostProcessorChecker - Bean 'userTransactionServiceImp' of type [com.atomikos.icatch.config.UserTransactionServiceImp] is not eligible for getting processed by all BeanPostProcessors (for example: not eligible for auto-proxying)
2019-07-16 15:45:15.421 [main] INFO  o.s.c.s.PostProcessorRegistrationDelegate$BeanPostProcessorChecker - Bean 'userTransaction' of type [com.atomikos.icatch.jta.UserTransactionImp] is not eligible for getting processed by all BeanPostProcessors (for example: not eligible for auto-proxying)
2019-07-16 15:45:15.429 [main] INFO  o.s.c.s.PostProcessorRegistrationDelegate$BeanPostProcessorChecker - Bean 'userTransactionManager' of type [com.atomikos.icatch.jta.UserTransactionManager] is not eligible for getting processed by all BeanPostProcessors (for example: not eligible for auto-proxying)
2019-07-16 15:45:15.447 [main] INFO  o.s.c.s.PostProcessorRegistrationDelegate$BeanPostProcessorChecker - Bean 'transactionManager' of type [org.springframework.transaction.jta.JtaTransactionManager] is not eligible for getting processed by all BeanPostProcessors (for example: not eligible for auto-proxying)
2019-07-16 15:45:15.491 [main] INFO  o.s.c.s.PostProcessorRegistrationDelegate$BeanPostProcessorChecker - Bean 'transactionManagementConfiguration' of type [com.rap.config.datasource.TransactionManagementConfiguration$$EnhancerBySpringCGLIB$$77ba8355] is not eligible for getting processed by all BeanPostProcessors (for example: not eligible for auto-proxying)
2019-07-16 15:45:15.513 [main] INFO  o.s.c.s.PostProcessorRegistrationDelegate$BeanPostProcessorChecker - Bean 'txAdvice' of type [org.springframework.transaction.interceptor.TransactionInterceptor] is not eligible for getting processed by all BeanPostProcessors (for example: not eligible for auto-proxying)
2019-07-16 15:45:15.517 [main] INFO  o.s.c.s.PostProcessorRegistrationDelegate$BeanPostProcessorChecker - Bean 'txAdviceAdvisor' of type [org.springframework.aop.support.DefaultPointcutAdvisor] is not eligible for getting processed by all BeanPostProcessors (for example: not eligible for auto-proxying)
2019-07-16 15:45:15.550 [main] INFO  o.s.c.s.PostProcessorRegistrationDelegate$BeanPostProcessorChecker - Bean 'org.springframework.transaction.annotation.ProxyTransactionManagementConfiguration' of type [org.springframework.transaction.annotation.ProxyTransactionManagementConfiguration$$EnhancerBySpringCGLIB$$f3f64d84] is not eligible for getting processed by all BeanPostProcessors (for example: not eligible for auto-proxying)
2019-07-16 15:45:16.710 [main] INFO  o.s.b.w.e.tomcat.TomcatWebServer - Tomcat initialized with port(s): 8080 (http)
2019-07-16 15:45:16.743 [main] INFO  o.a.coyote.http11.Http11NioProtocol - Initializing ProtocolHandler ["http-nio-8080"]
2019-07-16 15:45:16.764 [main] INFO  o.a.catalina.core.StandardService - Starting service [Tomcat]
2019-07-16 15:45:16.764 [main] INFO  o.a.catalina.core.StandardEngine - Starting Servlet engine: [Apache Tomcat/9.0.17]
2019-07-16 15:45:17.022 [main] INFO  o.a.c.c.C.[Tomcat].[localhost].[/] - Initializing Spring embedded WebApplicationContext
2019-07-16 15:45:17.023 [main] INFO  o.s.web.context.ContextLoader - Root WebApplicationContext: initialization completed in 8528 ms
2019-07-16 15:45:17.919 [main] INFO  o.s.b.web.servlet.RegistrationBean - Filter characterEncodingFilter was not registered (possibly already registered?)
2019-07-16 15:45:18.578 [main] INFO  c.a.d.xa.XATransactionalResource - schemaDataSource: refreshed XAResource
2019-07-16 15:45:18.755 [main] INFO  c.r.c.d.SchemaSqlSessionConfig - schema.maxSqlCount:200000
2019-07-16 15:45:19.657 [main] INFO  c.a.d.xa.XATransactionalResource - foundationDataSource: refreshed XAResource
2019-07-16 15:45:19.713 [main] INFO  c.r.c.d.FoundationSqlSessionConfig - foundation.maxSqlCount:200000
2019-07-16 15:45:19.990 [main] INFO  c.a.d.xa.XATransactionalResource - masterDataSource: refreshed XAResource
2019-07-16 15:45:20.061 [main] INFO  c.r.c.d.MasterSqlSessionConfig - master.maxSqlCount:200000
2019-07-16 15:45:22.013 [main] INFO  io.lettuce.core.EpollProvider - Starting without optional epoll library
2019-07-16 15:45:22.018 [main] INFO  io.lettuce.core.KqueueProvider - Starting without optional kqueue library
2019-07-16 15:45:23.124 [main] INFO  o.s.s.web.DefaultSecurityFilterChain - Creating filter chain: Ant [pattern='/resources/**'], []
2019-07-16 15:45:23.316 [main] INFO  o.s.s.web.DefaultSecurityFilterChain - Creating filter chain: any request, [org.springframework.security.web.context.request.async.WebAsyncManagerIntegrationFilter@623be2a0, org.springframework.security.web.context.SecurityContextPersistenceFilter@3618486e, org.springframework.security.web.header.HeaderWriterFilter@2c6553c6, org.springframework.security.web.authentication.logout.LogoutFilter@8aa3013, org.springframework.security.web.authentication.UsernamePasswordAuthenticationFilter@32eeef08, org.springframework.security.web.authentication.ui.DefaultLoginPageGeneratingFilter@48b1b469, org.springframework.security.web.authentication.ui.DefaultLogoutPageGeneratingFilter@3b44ed3c, org.springframework.security.web.savedrequest.RequestCacheAwareFilter@590ab84, org.springframework.security.web.servletapi.SecurityContextHolderAwareRequestFilter@51e14cb6, org.springframework.security.web.authentication.AnonymousAuthenticationFilter@1df83569, org.springframework.security.web.session.SessionManagementFilter@518ed9b4, org.springframework.security.web.access.ExceptionTranslationFilter@751526a7, org.springframework.security.web.access.intercept.FilterSecurityInterceptor@5af8ef61]
2019-07-16 15:45:23.852 [main] INFO  o.s.s.c.ThreadPoolTaskExecutor - Initializing ExecutorService 'applicationTaskExecutor'
2019-07-16 15:45:25.994 [main] INFO  o.s.s.a.ScheduledAnnotationBeanPostProcessor - No TaskScheduler/ScheduledExecutorService bean found for scheduled processing
2019-07-16 15:45:26.020 [main] INFO  o.a.coyote.http11.Http11NioProtocol - Starting ProtocolHandler ["http-nio-8080"]
2019-07-16 15:45:26.087 [main] INFO  o.s.b.w.e.tomcat.TomcatWebServer - Tomcat started on port(s): 8080 (http) with context path ''
2019-07-16 15:45:26.096 [main] INFO  com.RapFileManagementApplication - Started RapFileManagementApplication in 18.735 seconds (JVM running for 20.148)
2019-07-16 15:45:30.210 [RMI TCP Connection(2)-127.0.0.1] INFO  o.s.b.a.SpringApplicationAdminMXBeanRegistrar$SpringApplicationAdmin - Application shutdown requested.
2019-07-16 15:45:30.242 [RMI TCP Connection(2)-127.0.0.1] INFO  o.s.s.c.ThreadPoolTaskExecutor - Shutting down ExecutorService 'applicationTaskExecutor'
2019-07-16 15:45:30.283 [RMI TCP Connection(2)-127.0.0.1] INFO  c.a.datasource.pool.ConnectionPool - atomikos connection pool 'masterDataSource': destroying pool...
2019-07-16 15:45:30.300 [RMI TCP Connection(2)-127.0.0.1] INFO  c.a.datasource.pool.ConnectionPool - atomikos connection pool 'foundationDataSource': destroying pool...
2019-07-16 15:45:30.309 [RMI TCP Connection(2)-127.0.0.1] INFO  c.a.datasource.pool.ConnectionPool - atomikos connection pool 'schemaDataSource': destroying pool...
2019-07-16 15:45:31.465 [RMI TCP Connection(2)-127.0.0.1] INFO  c.a.icatch.imp.TransactionServiceImp - Transaction Service: Entering shutdown (false, 0)...
2019-07-16 15:49:06.595 [main] INFO  com.RapFileManagementApplication - Starting RapFileManagementApplication on LCNC06V0064 with PID 11664 (C:\SpringBoot\workspace\rap-file-service\target\classes started by 62972 in C:\SpringBoot\workspace\rap-file-service)
2019-07-16 15:49:06.606 [main] INFO  com.RapFileManagementApplication - No active profile set, falling back to default profiles: default
2019-07-16 15:49:10.944 [main] INFO  o.s.d.r.c.RepositoryConfigurationDelegate - Multiple Spring Data modules found, entering strict repository configuration mode!
2019-07-16 15:49:10.950 [main] INFO  o.s.d.r.c.RepositoryConfigurationDelegate - Bootstrapping Spring Data repositories in DEFAULT mode.
2019-07-16 15:49:12.462 [main] INFO  o.s.d.r.c.RepositoryConfigurationDelegate - Finished Spring Data repository scanning in 1485ms. Found 0 repository interfaces.
2019-07-16 15:49:13.643 [main] INFO  c.a.icatch.provider.imp.AssemblerImp - Loaded jar:file:/C:/Users/62972/.m2/repository/com/atomikos/transactions/4.0.6/transactions-4.0.6.jar!/transactions-defaults.properties
2019-07-16 15:49:13.652 [main] WARN  c.a.icatch.provider.imp.AssemblerImp - Thanks for using Atomikos! Evaluate http://www.atomikos.com/Main/ExtremeTransactions for advanced features and professional support
or register at http://www.atomikos.com/Main/RegisterYourDownload to disable this message and receive FREE tips & advice
2019-07-16 15:49:13.664 [main] INFO  c.a.icatch.provider.imp.AssemblerImp - USING: com.atomikos.icatch.default_max_wait_time_on_shutdown = 9223372036854775807
2019-07-16 15:49:13.665 [main] INFO  c.a.icatch.provider.imp.AssemblerImp - USING: com.atomikos.icatch.allow_subtransactions = true
2019-07-16 15:49:13.666 [main] INFO  c.a.icatch.provider.imp.AssemblerImp - USING: com.atomikos.icatch.recovery_delay = 10000
2019-07-16 15:49:13.666 [main] INFO  c.a.icatch.provider.imp.AssemblerImp - USING: com.atomikos.icatch.automatic_resource_registration = true
2019-07-16 15:49:13.666 [main] INFO  c.a.icatch.provider.imp.AssemblerImp - USING: com.atomikos.icatch.oltp_max_retries = 5
2019-07-16 15:49:13.666 [main] INFO  c.a.icatch.provider.imp.AssemblerImp - USING: com.atomikos.icatch.client_demarcation = false
2019-07-16 15:49:13.666 [main] INFO  c.a.icatch.provider.imp.AssemblerImp - USING: com.atomikos.icatch.threaded_2pc = true
2019-07-16 15:49:13.666 [main] INFO  c.a.icatch.provider.imp.AssemblerImp - USING: com.atomikos.icatch.serial_jta_transactions = true
2019-07-16 15:49:13.666 [main] INFO  c.a.icatch.provider.imp.AssemblerImp - USING: com.atomikos.icatch.log_base_dir = ./
2019-07-16 15:49:13.666 [main] INFO  c.a.icatch.provider.imp.AssemblerImp - USING: com.atomikos.icatch.rmi_export_class = none
2019-07-16 15:49:13.666 [main] INFO  c.a.icatch.provider.imp.AssemblerImp - USING: com.atomikos.icatch.max_actives = 50
2019-07-16 15:49:13.666 [main] INFO  c.a.icatch.provider.imp.AssemblerImp - USING: com.atomikos.icatch.checkpoint_interval = 500
2019-07-16 15:49:13.667 [main] INFO  c.a.icatch.provider.imp.AssemblerImp - USING: com.atomikos.icatch.enable_logging = true
2019-07-16 15:49:13.667 [main] INFO  c.a.icatch.provider.imp.AssemblerImp - USING: com.atomikos.icatch.log_base_name = tmlog
2019-07-16 15:49:13.667 [main] INFO  c.a.icatch.provider.imp.AssemblerImp - USING: com.atomikos.icatch.max_timeout = 360000000000
2019-07-16 15:49:13.667 [main] INFO  c.a.icatch.provider.imp.AssemblerImp - USING: com.atomikos.icatch.trust_client_tm = false
2019-07-16 15:49:13.667 [main] INFO  c.a.icatch.provider.imp.AssemblerImp - USING: java.naming.factory.initial = com.sun.jndi.rmi.registry.RegistryContextFactory
2019-07-16 15:49:13.668 [main] INFO  c.a.icatch.provider.imp.AssemblerImp - USING: com.atomikos.icatch.tm_unique_name = 10.64.184.49.tm
2019-07-16 15:49:13.668 [main] INFO  c.a.icatch.provider.imp.AssemblerImp - USING: com.atomikos.icatch.forget_orphaned_log_entries_delay = 86400000
2019-07-16 15:49:13.668 [main] INFO  c.a.icatch.provider.imp.AssemblerImp - USING: com.atomikos.icatch.oltp_retry_interval = 10000
2019-07-16 15:49:13.668 [main] INFO  c.a.icatch.provider.imp.AssemblerImp - USING: java.naming.provider.url = rmi://localhost:1099
2019-07-16 15:49:13.668 [main] INFO  c.a.icatch.provider.imp.AssemblerImp - USING: com.atomikos.icatch.force_shutdown_on_vm_exit = false
2019-07-16 15:49:13.668 [main] INFO  c.a.icatch.provider.imp.AssemblerImp - USING: com.atomikos.icatch.default_jta_timeout = 100000000000
2019-07-16 15:49:13.669 [main] INFO  c.a.icatch.provider.imp.AssemblerImp - Using default (local) logging and recovery...
2019-07-16 15:49:13.713 [main] INFO  o.s.c.s.PostProcessorRegistrationDelegate$BeanPostProcessorChecker - Bean 'userTransactionServiceImp' of type [com.atomikos.icatch.config.UserTransactionServiceImp] is not eligible for getting processed by all BeanPostProcessors (for example: not eligible for auto-proxying)
2019-07-16 15:49:13.741 [main] INFO  o.s.c.s.PostProcessorRegistrationDelegate$BeanPostProcessorChecker - Bean 'userTransaction' of type [com.atomikos.icatch.jta.UserTransactionImp] is not eligible for getting processed by all BeanPostProcessors (for example: not eligible for auto-proxying)
2019-07-16 15:49:13.750 [main] INFO  o.s.c.s.PostProcessorRegistrationDelegate$BeanPostProcessorChecker - Bean 'userTransactionManager' of type [com.atomikos.icatch.jta.UserTransactionManager] is not eligible for getting processed by all BeanPostProcessors (for example: not eligible for auto-proxying)
2019-07-16 15:49:13.770 [main] INFO  o.s.c.s.PostProcessorRegistrationDelegate$BeanPostProcessorChecker - Bean 'transactionManager' of type [org.springframework.transaction.jta.JtaTransactionManager] is not eligible for getting processed by all BeanPostProcessors (for example: not eligible for auto-proxying)
2019-07-16 15:49:13.809 [main] INFO  o.s.c.s.PostProcessorRegistrationDelegate$BeanPostProcessorChecker - Bean 'transactionManagementConfiguration' of type [com.rap.config.datasource.TransactionManagementConfiguration$$EnhancerBySpringCGLIB$$e64c56a0] is not eligible for getting processed by all BeanPostProcessors (for example: not eligible for auto-proxying)
2019-07-16 15:49:13.825 [main] INFO  o.s.c.s.PostProcessorRegistrationDelegate$BeanPostProcessorChecker - Bean 'txAdvice' of type [org.springframework.transaction.interceptor.TransactionInterceptor] is not eligible for getting processed by all BeanPostProcessors (for example: not eligible for auto-proxying)
2019-07-16 15:49:13.826 [main] INFO  o.s.c.s.PostProcessorRegistrationDelegate$BeanPostProcessorChecker - Bean 'txAdviceAdvisor' of type [org.springframework.aop.support.DefaultPointcutAdvisor] is not eligible for getting processed by all BeanPostProcessors (for example: not eligible for auto-proxying)
2019-07-16 15:49:13.852 [main] INFO  o.s.c.s.PostProcessorRegistrationDelegate$BeanPostProcessorChecker - Bean 'org.springframework.transaction.annotation.ProxyTransactionManagementConfiguration' of type [org.springframework.transaction.annotation.ProxyTransactionManagementConfiguration$$EnhancerBySpringCGLIB$$628820cf] is not eligible for getting processed by all BeanPostProcessors (for example: not eligible for auto-proxying)
2019-07-16 15:49:15.010 [main] INFO  o.s.b.w.e.tomcat.TomcatWebServer - Tomcat initialized with port(s): 8080 (http)
2019-07-16 15:49:15.049 [main] INFO  o.a.coyote.http11.Http11NioProtocol - Initializing ProtocolHandler ["http-nio-8080"]
2019-07-16 15:49:15.076 [main] INFO  o.a.catalina.core.StandardService - Starting service [Tomcat]
2019-07-16 15:49:15.076 [main] INFO  o.a.catalina.core.StandardEngine - Starting Servlet engine: [Apache Tomcat/9.0.17]
2019-07-16 15:49:15.369 [main] INFO  o.a.c.c.C.[Tomcat].[localhost].[/] - Initializing Spring embedded WebApplicationContext
2019-07-16 15:49:15.370 [main] INFO  o.s.web.context.ContextLoader - Root WebApplicationContext: initialization completed in 8630 ms
2019-07-16 15:49:16.234 [main] INFO  o.s.b.web.servlet.RegistrationBean - Filter characterEncodingFilter was not registered (possibly already registered?)
2019-07-16 15:49:16.763 [main] INFO  c.a.d.xa.XATransactionalResource - schemaDataSource: refreshed XAResource
2019-07-16 15:49:16.923 [main] INFO  c.r.c.d.SchemaSqlSessionConfig - schema.maxSqlCount:200000
2019-07-16 15:49:17.735 [main] INFO  c.a.d.xa.XATransactionalResource - foundationDataSource: refreshed XAResource
2019-07-16 15:49:17.806 [main] INFO  c.r.c.d.FoundationSqlSessionConfig - foundation.maxSqlCount:200000
2019-07-16 15:49:18.054 [main] INFO  c.a.d.xa.XATransactionalResource - masterDataSource: refreshed XAResource
2019-07-16 15:49:18.117 [main] INFO  c.r.c.d.MasterSqlSessionConfig - master.maxSqlCount:200000
2019-07-16 15:49:19.883 [main] INFO  io.lettuce.core.EpollProvider - Starting without optional epoll library
2019-07-16 15:49:19.888 [main] INFO  io.lettuce.core.KqueueProvider - Starting without optional kqueue library
2019-07-16 15:49:20.833 [main] INFO  o.s.s.web.DefaultSecurityFilterChain - Creating filter chain: Ant [pattern='/resources/**'], []
2019-07-16 15:49:20.990 [main] INFO  o.s.s.web.DefaultSecurityFilterChain - Creating filter chain: any request, [org.springframework.security.web.context.request.async.WebAsyncManagerIntegrationFilter@22f1a340, org.springframework.security.web.context.SecurityContextPersistenceFilter@6980fa39, org.springframework.security.web.header.HeaderWriterFilter@8929865, org.springframework.security.web.authentication.logout.LogoutFilter@b21cbbf, org.springframework.security.web.authentication.UsernamePasswordAuthenticationFilter@f4b2d13, org.springframework.security.web.authentication.ui.DefaultLoginPageGeneratingFilter@7a0eb939, org.springframework.security.web.authentication.ui.DefaultLogoutPageGeneratingFilter@32f243f, org.springframework.security.web.savedrequest.RequestCacheAwareFilter@44bb6856, org.springframework.security.web.servletapi.SecurityContextHolderAwareRequestFilter@f69e35a, org.springframework.security.web.authentication.AnonymousAuthenticationFilter@7aa5292d, org.springframework.security.web.session.SessionManagementFilter@7e9d171c, org.springframework.security.web.access.ExceptionTranslationFilter@2b826482, org.springframework.security.web.access.intercept.FilterSecurityInterceptor@2a3c3a04]
2019-07-16 15:49:21.524 [main] INFO  o.s.s.c.ThreadPoolTaskExecutor - Initializing ExecutorService 'applicationTaskExecutor'
2019-07-16 15:49:23.502 [main] INFO  o.s.s.a.ScheduledAnnotationBeanPostProcessor - No TaskScheduler/ScheduledExecutorService bean found for scheduled processing
2019-07-16 15:49:23.528 [main] INFO  o.a.coyote.http11.Http11NioProtocol - Starting ProtocolHandler ["http-nio-8080"]
2019-07-16 15:49:23.598 [main] INFO  o.s.b.w.e.tomcat.TomcatWebServer - Tomcat started on port(s): 8080 (http) with context path ''
2019-07-16 15:49:23.606 [main] INFO  com.RapFileManagementApplication - Started RapFileManagementApplication in 17.896 seconds (JVM running for 19.147)
2019-07-16 15:49:44.309 [RMI TCP Connection(2)-127.0.0.1] INFO  o.s.b.a.SpringApplicationAdminMXBeanRegistrar$SpringApplicationAdmin - Application shutdown requested.
2019-07-16 15:49:44.355 [RMI TCP Connection(2)-127.0.0.1] INFO  o.s.s.c.ThreadPoolTaskExecutor - Shutting down ExecutorService 'applicationTaskExecutor'
2019-07-16 15:49:44.425 [RMI TCP Connection(2)-127.0.0.1] INFO  c.a.datasource.pool.ConnectionPool - atomikos connection pool 'masterDataSource': destroying pool...
2019-07-16 15:49:44.442 [RMI TCP Connection(2)-127.0.0.1] INFO  c.a.datasource.pool.ConnectionPool - atomikos connection pool 'foundationDataSource': destroying pool...
2019-07-16 15:49:44.454 [RMI TCP Connection(2)-127.0.0.1] INFO  c.a.datasource.pool.ConnectionPool - atomikos connection pool 'schemaDataSource': destroying pool...
2019-07-16 15:49:45.727 [RMI TCP Connection(2)-127.0.0.1] INFO  c.a.icatch.imp.TransactionServiceImp - Transaction Service: Entering shutdown (false, 0)...
